The modder has not chosen to include their source code.
Files:
Scape.XNA.dll
You can find this mod's .dll files under ModLoader\references\mods for easy mod collaboration!
Scape.XNA.pdb
Scape.FNA.dll
Scape.FNA.pdb
Scape.FNA.dll.mdb
build.txt
Projectiles/AstralBolt.png
Projectiles/BallOfFlesh.png
Scape.csproj.user
Projectiles/Bloodbursts.png
Projectiles/BloodyStreamDrip.png
description.txt
Items/Armor/WyvernBeanie.png
Items/Weapons/Melee/OceanicRipple.png
Dusts/ArcticDust.png
Projectiles/InkHostileProjectile.png
Items/Armor/WyvernPants.png
Projectiles/InkProjectile.png
Dusts/FireDust.png
Dusts/CursedDust.png
Dusts/GhastlyDust.png
Projectiles/MandibleShot.png
Dusts/HallowDust.png
Dusts/DiamondDust.png
Dusts/IceCapDust.png
Dusts/RubyDust.png
Dusts/InkDust.png
Dusts/SandSphereDust.png
Dusts/PhantomFlameDust.png
Dusts/SapDust.png
Dusts/ShadowflameDust.png
Dusts/ShroomDust.png
Dusts/ShroomDust2.png
Dusts/SurfDust.png
Dusts/TundraGustDust.png
Items/Weapons/Melee/RocketStrike.png
Items/Weapons/Melee/NyanWrath.png
Dusts/BloodDust.png
Items/Ammo/ShadowflameDart.png
Items/Ammo/UnholyBullet.png
Items/Ammo/WoodenDart.png
Items/Armor/DesertScoutBoots.png
Items/Weapons/Melee/TheSurfboard.png
Projectiles/IceCapFire.png
Projectiles/GhastlyFlaskExplode.png
Items/Weapons/Melee/MonarchsBlade.png
icon.png
Buffs/Sapped.png
Projectiles/MandibleStaffProjectile.png
Projectiles/MandirangProjectile.png
Projectiles/CrunchingTomeProjectile.png
Items/Armor/DesertScoutBoots_Legs.png
Items/Armor/DesertScoutCap.png
Projectiles/Icewing.png
Projectiles/Starbit.png
Projectiles/SurfWave.png
Projectiles/TundraGust.png
Projectiles/SnowyGust.png
Projectiles/SquidBubbleHostile.png
Items/Weapons/Melee/SapSnap.png
Buffs/Seedened.png
Items/Weapons/Melee/SeedBurst.png
Items/Armor/WyvernShirt_Arms.png
Items/Weapons/Melee/GleamingGlaive.png
Items/Armor/EndothermicBoots_Legs.png
Items/Weapons/Ranged/BoneFinger.png
Items/Armor/EndothermicHood.png
Projectiles/PeakCopper.png
Items/Weapons/Ranged/AlienWaver.png
Items/Weapons/Ranged/AncientFlute.png
Items/Weapons/Melee/VampiricBlade.png
Items/Weapons/Ranged/DartUzi.png
Items/Weapons/Ranged/DetonatingSnowflake.png
Projectiles/WyverntailProjBig.png
Projectiles/Ammo/BeeDartProjectile.png
Projectiles/Ammo/BoneDartProjectile.png
Items/Armor/EndothermicHood_Head.png
Items/Armor/GrenadoWoodChestplate.png
Items/Armor/WyvernShirt_Body.png
Projectiles/PeakGold.png
Projectiles/Ammo/PolarStalagtite.png
Projectiles/DivinityProjectile.png
Projectiles/FreezingSaberProjectile.png
Projectiles/Ammo/ShadowflameDartProjectile.png
Projectiles/Ammo/SharkronDartProjectile.png
Items/Armor/WyvernShirt_Female.png
Items/Other/ChlorinatedScale.png
Projectiles/Ammo/CursedAgony.png
Items/Other/CopperHusk.png
Items/Weapons/Ranged/FeatherFury.png
Items/Other/GrenadoWood.png
Items/Other/IcyResidue.png
Items/Other/PoacherScale.png
Items/Other/Shadowflame.png
Items/Other/WyvernSkin.png
Items/Armor/GrenadoWoodChestplate_Arms.png
Items/Armor/WyvernBeanie_Head.png
Items/Accessories/SlappingGauntlet.png
Items/Armor/WyvernPants_Legs.png
Items/Armor/StarbitHeadgear_Head.png
Items/Other/BossBags/ArcticianBag.png
Items/Tools/EncasedInk.png
Items/Armor/StarbitHeadgear.png
Items/Armor/StarbitGreaves_Legs.png
Items/Weapons/Ranged/AssaultRifle.png
Items/Tools/SubzeroFeather.png
icon-export.png
Items/Armor/GrenadoWoodChestplate_Body.png
Items/Vanity/ArcticianMask_Head.png
Items/Accessories/BadgeOfTheAntiPhoenix.png
Items/Weapons/Melee/SparklingStar.png
Items/Vanity/BFShirt_Arms.png
Items/Vanity/BFPants_Legs.png
Items/Weapons/Ranged/Doomstick.png
Items/Weapons/Ranged/AstralArtillery.png
Items/Armor/DesertScoutCap_Head.png
Items/Armor/DesertScoutCoat_Arms.png
Items/Armor/petscop_Head.png
Items/Weapons/Ranged/Colorshot.png
Items/Weapons/Melee/PeakShortsword.png
Projectiles/PeakIron.png
Items/Armor/GrenadoWoodChestplate_Female.png
Items/Accessories/SlappingGauntlet_HandsOn.png
Dusts/BotanyDust.png
Projectiles/Ammo/ProbeDart.png
Items/Armor/WyvernShirt.png
Projectiles/Ammo/SnowyFlake.png
Items/Vanity/BFCap_Head.png
Items/Vanity/ArcticianMask.png
Items/Weapons/Ranged/FeatherTunnel.png
Projectiles/Ammo/ProbeProjectile.png
Projectiles/Ammo/RazorFeather.png
Items/Armor/PoacherChestplate.png
Items/Vanity/BFShirt.png
Items/Armor/DesertScoutCoat.png
Items/Armor/DesertScoutCoat_Body.png
Items/Vanity/BFCap.png
Items/Accessories/IcyRodExtender.png
Items/Armor/GrenadoWoodGreaves.png
Items/Vanity/BFShirt_Body.png
Items/Vanity/BFPants.png
Items/Weapons/Ranged/HellishPipe.png
Projectiles/Ammo/HeavenlyDart.png
Projectiles/MeteorBayonetProjectileProjectile.png
Projectiles/Ammo/WyvernArrow.png
Projectiles/Ammo/WyvernArrowFeather.png
Projectiles/Ammo/ExplosiveSeed.png
Projectiles/Ammo/GhastlyDartProjectile.png
Projectiles/Ammo/HarpyDartProjectile.png
Projectiles/Ammo/HellfireDart.png
Projectiles/Ammo/IceGrenade.png
Projectiles/Ammo/IcicleDartProjectile.png
Projectiles/Ammo/MartianDartProjectile.png
Projectiles/Ammo/PhantomFlameProjectile.png
Items/Vanity/ClownsShirt_Arms.png
Items/Armor/PoacherChestplate_Female.png
Items/Armor/PoacherGreaves.png
Items/Armor/PoacherChestplate_Arms.png
Projectiles/FencingProjectiles/ThornbrandProjectile.png
Projectiles/FencingProjectiles/WoodRapierProjectile.png
Items/Vanity/ClownsShirt_Body.png
Items/Weapons/Ranged/HoneyRifle.png
Projectiles/Ammo/StarbitArrow.png
Items/Armor/DesertScoutCoat_Female.png
Items/Armor/EndothermicArmor.png
Items/Armor/PoacherGreaves_Legs.png
Items/Armor/EndothermicArmor_Arms.png
Projectiles/FencingProjectiles/HellbrellaProj.png
Items/Weapons/Ranged/BambooBlower.png
Items/Armor/EndothermicArmor_Body.png
Items/Armor/EndothermicArmor_Female.png
Items/Armor/EndothermicBoots.png
Items/Vanity/Sets/HerExsCoat_Arms.png
Items/Weapons/Ranged/Firestick.png
Items/Vanity/Sets/HerExsPants_Legs.png
Items/Weapons/Ranged/IceBerg.png
Items/Weapons/Melee/TheDeathUtensil.png
Items/Accessories/StingerCharm.png
Items/Armor/PoacherChestplate_Body.png
Items/Vanity/TankManArmor_Arms.png
Projectiles/Weapons/FreezingSaberProjectileThrown.png
Projectiles/Weapons/GhastlyFlaskProjectile.png
Items/Vanity/TankManGreaves_Legs.png
Items/Vanity/TankManHelmet.png
Projectiles/PeakSilver.png
Projectiles/SandSphere.png
Items/Weapons/Ranged/BloodVessel.png
Projectiles/SapProjectile.png
Items/Vanity/TankManArmor_Body.png
Items/Weapons/Ranged/IceCap.png
Items/Accessories/StingerCharm_Female.png
Items/Vanity/TankManHelmet_Head.png
Items/Vanity/Sets/HerExsCoat.png
Items/Vanity/Sets/HerExsCoat_Body.png
Items/Vanity/Sets/HerExsSkull.png
Items/Vanity/TankManArmor_Female.png
Items/Vanity/TankManGreaves.png
Items/Weapons/Mage/Bloodburst.png
Items/Armor/PoacherHeadgear.png
Items/Weapons/Mage/BloodyStream.png
Items/Vanity/Sets/HerExsSkull_Head.png
Items/Weapons/Ranged/FeatheredGatling.png
Projectiles/Ammo/StarbitArrow2.png
Projectiles/Ammo/StarbitGrenade1.png
Projectiles/Ammo/StingerProjectile.png
Projectiles/Ammo/Thorn.png
Items/Accessories/StingerCharm_Neck.png
Items/Ammo/BeeDart.png
Projectiles/FencingProjectiles/MeteorBayonetProjectile.png
Items/Ammo/GhastlyDart.png
Items/Ammo/MiniGrenade.png
Items/Weapons/Ranged/GemsparkBlaster.png
Items/Weapons/Ranged/MartianBeam.png
Projectiles/Weapons/GleamingGlaiveProjectile.png
Items/Vanity/BFShirt_Female.png
Projectiles/Weapons/OceanicRippleProjectile.png
Projectiles/Weapons/RocketStrikeChain.png
Items/Weapons/Ranged/MegasprayMG.png
Items/Weapons/Ranged/TheOvertaker.png
Items/Weapons/Mage/CelestialLucentail.png
Items/Vanity/ClownsMask.png
Items/Weapons/Ranged/PrimalRecurve.png
Items/Weapons/Ranged/Scorpionel.png
Items/Weapons/Ranged/TheSharkron.png
Items/Weapons/Anubis.png
Items/Weapons/Ranged/TheTunnel.png
Items/Weapons/Ranged/Pharaohn.png
Items/Armor/StarbitChestplate_Female.png
Items/Armor/StarbitGreaves.png
Projectiles/Scorpionel.png
Projectiles/ScorpionelProj.png
Projectiles/ShroomBolt.png
Projectiles/ShroomDart.png
Projectiles/Weapons/Magic/ColdsnapStaffProjectile.png
Items/Accessories/MandibleCharm.png
Items/Weapons/Mage/ColdsnapStaff.png
Items/Weapons/Mage/GhastlyFlask.png
Items/Vanity/Sets/HerExsCoat_Female.png
Items/Vanity/Sets/HerExsPants.png
Items/Armor/GrenadoWoodGreaves_Legs.png
Items/Armor/GrenadoWoodMask.png
Items/Accessories/MandibleCharm_Neck.png
Items/Weapons/Ranged/Geyserfish.png
Projectiles/Weapons/SeedBurstProjectile.png
Projectiles/Weapons/SeedFruit.png
NPCs/SkeletonAssaulter.png
Items/Weapons/Mage/ShadeAuraStaff.png
Items/Vanity/ClownsShirt_Female.png
Items/Vanity/ClownsShoes.png
Items/Vanity/ClownsMask_Head.png
Projectiles/Weapons/SparklingStarProjectile.png
Items/Vanity/ClownsShoes_Legs.png
Items/Vanity/DemonicCrown.png
Items/Armor/PoacherHeadgear_Head.png
Items/Armor/ShadeCasterHood.png
Items/Vanity/ClownsShirt.png
Items/Weapons/Ranged/GrenadeRifle.png
Items/Weapons/Ranged/ShinesparkSharpshooter.png
Items/Weapons/Ranged/ShroomDart.png
Items/Weapons/Ranged/Tulipipe.png
Items/Weapons/Thrown/SkySpade.png
Items/Weapons/Mage/StaffOfDivinity.png
Projectiles/Ammo/ThornBallProjectile.png
Projectiles/Ammo/UnholyBulletProjectile.png
Projectiles/Ammo/VortexDartProjectile.png
Items/Weapons/Thrown/AquaCutter.png
NPCs/Arctician/Arctician.png
Items/Weapons/Ranged/ISS.png
Items/Weapons/Ranged/Pinevolley.png
Items/Weapons/Ranged/pinkseed.aseprite
Items/Weapons/Ranged/SpitBlower.png
Items/Vanity/DemonicCrown_Head.png
Sounds/UGH.mp3
Items/Vanity/GarcelloCap.png
Items/Weapons/Ranged/SugarCrash.png
Items/Weapons/Ranged/MWP.png
Projectiles/Weapons/Melee/MonarchBladeExtraProjectile.png
Projectiles/Weapons/Melee/MonarchsBladeProjectile.png
Items/Weapons/Ranged/PaintOMatic.png
Items/Weapons/Ranged/TheAlmightySmite.png
Items/Weapons/Ranged/MandiblePopper.png
NPCs/Arctician/Arctician_Head_Boss.png
Items/Weapons/Mage/IcewingStaff.png
Items/Weapons/Mage/InkScepter.png
Items/Vanity/GarcelloCap_Head.png
Items/Vanity/GarcelloCoat.png
Items/Weapons/Mage/StarbitStaff.png
Items/Weapons/Mage/TundraTide.png
Items/Weapons/Mage/MandibleStaff.png
Items/Weapons/Ranged/UltraJuggernaut.png
Items/Weapons/Thrown/AquaCutterProj.png
Items/Vanity/GarcelloCoat_Arms.png
Items/Armor/ShadeCasterPants_Legs.png
Items/Armor/ShadeCasterRobe.png
Items/Weapons/Ranged/TheHungrier.png
Sounds/Custom/collidespin.mp3
Items/Armor/ShadeCasterHood_Head.png
Items/Armor/ShadeCasterPants.png
Items/Vanity/GarcelloCoat_Body.png
Items/Weapons/Ranged/GrenadeRifleShot.png
Items/Weapons/Ranged/Pipecicle.png
Projectiles/Weapons/Melee/RocketStrikeProjectile.png
Items/Weapons/Mage/Wyverntail.png
Projectiles/Weapons/Thrown/ThrowingMandibleProjectile.png
Items/Weapons/Mage/WyverntailFeather.png
Items/Weapons/Melee/BallOAgony.png
Items/Weapons/Ranged/UnholyRifle.png
Items/Weapons/Ranged/WoodenPipe.png
Items/Vanity/GarcelloCoat_Female.png
Items/Weapons/Ranged/PocketLauncher.png
Items/Weapons/Ranged/PolarIcicle.png
Items/Vanity/GarcelloGhostlyEssence.png
Items/Weapons/Ranged/HandheldCannon.png
Items/Weapons/Melee/BotanyBuster.png
Items/Weapons/Ranged/PolarStar.png
Items/Armor/ShadeCasterRobe_Arms.png
Items/Weapons/Ranged/WyvernsJaws.png
Items/Weapons/Ranged/PollenSting.png
Items/Vanity/GarcelloGhostlyEssence_Legs.png
Items/Vanity/TankManArmor.png
Items/Weapons/Melee/CryogenicRapier.png
Items/Weapons/Mage/WyverntailProj.png
Projectiles/Weapons/Thrown/Spinning/TropicalTwirlProj.png
Projectiles/Weapons/AgonyBall.png
Projectiles/Weapons/BallOAgonyChain.png
Items/Weapons/Thrown/SkySpadeProj.png
Items/Weapons/Thrown/SnowballGlove.png
Items/Weapons/Thrown/StarbitGrenade.png
Items/Weapons/Thrown/ThrowingMandible.png
Items/Weapons/Thrown/DiamondDagger.png
NPCs/Arctician/BabyArctician.png
Items/Armor/ShadeCasterRobe_Body.png
Items/Armor/GrenadoWoodMask_Head.png
Items/Armor/petscop.png
Projectiles/Ammo/WoodenDartProjectile.png
Items/Weapons/CrunchingTome.png
Projectiles/Ammo/PinkSeedProjectile.png
Projectiles/Ammo/PoisonSeedProjectile.png
Items/Weapons/Melee/DragonsClaw.png
Items/Weapons/Melee/ArcOfTheOcean.png
Items/Weapons/Melee/FreezingSaber.png
Projectiles/Weapons/Thrown/Spinning/WoodenSpinnerProjectile.png
Projectiles/Weapons/BloodyStreamProjectile.png
Projectiles/Weapons/BotanyBall.png
Projectiles/Weapons/BotanyBallChain.png
Properties/launchSettings.json
Items/Weapons/Thrown/DiamondDaggerProj.png
Items/Weapons/Thrown/Spinners/TropicalTwirl.png
Items/Weapons/Thrown/Spinners/WoodenSpinner.png
Sounds/Custom/spinner.mp3
Items/Weapons/CursedMegaphone.png
Projectiles/Weapons/DeathUtensilProjectile.png
Items/Weapons/Thrown/EnchantedThrowingKnife.png
Items/Armor/ShadeCasterRobe_Female.png
NPCs/Bedbug.png
Items/Weapons/Thrown/EnchantedThrowingKnifeProjectile.png
Items/Armor/SporecerorBoots.png
Items/Weapons/Thrown/RubyDagger.png
NPCs/Blinkle/Bobblesquid.png
Items/Armor/SporecerorBoots_Legs.png
Items/Weapons/Thrown/RubyDaggerProj.png
NPCs/Blinkle/Bobblesquid_Head_Boss.png
Items/Armor/SporecerorCoat.png
NPCs/Cavern/Gaudi/Gaudi.png
Items/Armor/SporecerorCoat_Arms.png
NPCs/Night/PhantomFlier.png
Items/Armor/SporecerorCoat_Body.png
Sounds/Item/fard.mp3
Items/Weapons/SporeCaster.png
NPCs/QueenLamia/QueenLamia.png
Items/Weapons/SporeSpout.png
Items/Armor/SporecerorCoat_Female.png
NPCs/QueenLamia/QueenLamia_Head_Boss.png
Items/Armor/SporecerorHat.png
Items/Weapons/Fencing/Hellbrella.png
Items/Armor/SporecerorHat_Head.png
Projectiles/AntlionSpirit.png
Items/Weapons/Fencing/MeteorBayonet.png
Items/Armor/StarbitChestplate.png
Items/Weapons/Fencing/Thornbrand.png
Items/Weapons/Fencing/WoodRapier.png
Projectiles/AnubisProj.png
Projectiles/AnubisProjectile.png
Items/Armor/StarbitChestplate_Arms.png
Items/Armor/StarbitChestplate_Body.png
Sounds/Music/Phase1OnTheBeach.mp3
